{"C:\\Users\\Berse\\WebstormProjects\\Web_Dev_Course_Final_Project\\src\\server.ts": {"path":"C:\\Users\\Berse\\WebstormProjects\\Web_Dev_Course_Final_Project\\src\\server.ts","statementMap":{"0":{"start":{"line":1,"column":0},"end":{"line":1,"column":39}},"1":{"start":{"line":2,"column":0},"end":{"line":2,"column":31}},"2":{"start":{"line":3,"column":0},"end":{"line":3,"column":27}},"3":{"start":{"line":4,"column":0},"end":{"line":4,"column":36}},"4":{"start":{"line":5,"column":0},"end":{"line":5,"column":16}},"5":{"start":{"line":6,"column":0},"end":{"line":6,"column":46}},"6":{"start":{"line":7,"column":0},"end":{"line":7,"column":51}},"7":{"start":{"line":8,"column":0},"end":{"line":8,"column":45}},"8":{"start":{"line":10,"column":12},"end":{"line":10,"column":21}},"9":{"start":{"line":11,"column":0},"end":{"line":11,"column":27}},"10":{"start":{"line":12,"column":0},"end":{"line":12,"column":51}},"11":{"start":{"line":14,"column":0},"end":{"line":14,"column":31}},"12":{"start":{"line":15,"column":0},"end":{"line":15,"column":50}},"13":{"start":{"line":16,"column":0},"end":{"line":16,"column":29}},"14":{"start":{"line":18,"column":16},"end":{"line":37,"column":2}},"15":{"start":{"line":18,"column":25},"end":{"line":37,"column":2}},"16":{"start":{"line":19,"column":4},"end":{"line":36,"column":7}},"17":{"start":{"line":20,"column":19},"end":{"line":20,"column":38}},"18":{"start":{"line":21,"column":8},"end":{"line":23,"column":11}},"19":{"start":{"line":22,"column":12},"end":{"line":22,"column":31}},"20":{"start":{"line":24,"column":8},"end":{"line":26,"column":11}},"21":{"start":{"line":25,"column":12},"end":{"line":25,"column":43}},"22":{"start":{"line":27,"column":4},"end":{"line":35,"column":5}},"23":{"start":{"line":28,"column":8},"end":{"line":28,"column":72}},"24":{"start":{"line":29,"column":8},"end":{"line":29,"column":17}},"25":{"start":{"line":31,"column":4},"end":{"line":33,"column":7}},"26":{"start":{"line":32,"column":8},"end":{"line":32,"column":38}},"27":{"start":{"line":34,"column":4},"end":{"line":34,"column":17}},"28":{"start":{"line":39,"column":0},"end":{"line":39,"column":23}}},"fnMap":{"0":{"name":"(anonymous_8)","decl":{"start":{"line":18,"column":16},"end":{"line":18,"column":23}},"loc":{"start":{"line":18,"column":25},"end":{"line":37,"column":2}}},"1":{"name":"(anonymous_9)","decl":{"start":{"line":18,"column":25},"end":{"line":18,"column":null}},"loc":{"start":{"line":18,"column":25},"end":{"line":37,"column":1}}},"2":{"name":"(anonymous_10)","decl":{"start":{"line":19,"column":32},"end":{"line":19,"column":33}},"loc":{"start":{"line":19,"column":52},"end":{"line":36,"column":5}}},"3":{"name":"(anonymous_11)","decl":{"start":{"line":21,"column":22},"end":{"line":21,"column":23}},"loc":{"start":{"line":21,"column":30},"end":{"line":23,"column":9}}},"4":{"name":"(anonymous_12)","decl":{"start":{"line":24,"column":23},"end":{"line":24,"column":26}},"loc":{"start":{"line":24,"column":28},"end":{"line":26,"column":9}}},"5":{"name":"(anonymous_13)","decl":{"start":{"line":31,"column":50},"end":{"line":31,"column":53}},"loc":{"start":{"line":31,"column":55},"end":{"line":33,"column":5}}}},"branchMap":{"0":{"loc":{"start":{"line":27,"column":4},"end":{"line":35,"column":5}},"type":"if","locations":[{"start":{"line":27,"column":4},"end":{"line":35,"column":5}},{"start":{"line":30,"column":11},"end":{"line":35,"column":5}}]}},"s":{"0":3,"1":3,"2":3,"3":3,"4":3,"5":3,"6":3,"7":3,"8":3,"9":3,"10":3,"11":3,"12":3,"13":3,"14":3,"15":3,"16":3,"17":3,"18":3,"19":0,"20":3,"21":3,"22":3,"23":0,"24":0,"25":3,"26":3,"27":3,"28":3},"f":{"0":3,"1":3,"2":3,"3":0,"4":3,"5":3},"b":{"0":[0,3]}}
,"C:\\Users\\Berse\\WebstormProjects\\Web_Dev_Course_Final_Project\\src\\controllers\\_controller.ts": {"path":"C:\\Users\\Berse\\WebstormProjects\\Web_Dev_Course_Final_Project\\src\\controllers\\_controller.ts","statementMap":{"0":{"start":{"line":9,"column":8},"end":{"line":9,"column":27}},"1":{"start":{"line":13,"column":8},"end":{"line":25,"column":9}},"2":{"start":{"line":14,"column":44},"end":{"line":14,"column":53}},"3":{"start":{"line":15,"column":27},"end":{"line":15,"column":43}},"4":{"start":{"line":16,"column":25},"end":{"line":20,"column":37}},"5":{"start":{"line":22,"column":12},"end":{"line":22,"column":39}},"6":{"start":{"line":24,"column":12},"end":{"line":24,"column":55}},"7":{"start":{"line":28,"column":8},"end":{"line":34,"column":9}},"8":{"start":{"line":29,"column":25},"end":{"line":29,"column":58}},"9":{"start":{"line":30,"column":30},"end":{"line":30,"column":47}},"10":{"start":{"line":31,"column":12},"end":{"line":31,"column":44}},"11":{"start":{"line":33,"column":12},"end":{"line":33,"column":55}},"12":{"start":{"line":37,"column":8},"end":{"line":53,"column":9}},"13":{"start":{"line":38,"column":25},"end":{"line":38,"column":35}},"14":{"start":{"line":39,"column":32},"end":{"line":44,"column":18}},"15":{"start":{"line":45,"column":12},"end":{"line":48,"column":13}},"16":{"start":{"line":46,"column":16},"end":{"line":46,"column":55}},"17":{"start":{"line":47,"column":16},"end":{"line":47,"column":23}},"18":{"start":{"line":49,"column":12},"end":{"line":49,"column":37}},"19":{"start":{"line":50,"column":12},"end":{"line":50,"column":46}},"20":{"start":{"line":52,"column":12},"end":{"line":52,"column":55}},"21":{"start":{"line":56,"column":8},"end":{"line":65,"column":9}},"22":{"start":{"line":57,"column":25},"end":{"line":57,"column":35}},"23":{"start":{"line":58,"column":32},"end":{"line":58,"column":70}},"24":{"start":{"line":59,"column":12},"end":{"line":61,"column":13}},"25":{"start":{"line":60,"column":16},"end":{"line":60,"column":55}},"26":{"start":{"line":62,"column":12},"end":{"line":62,"column":46}},"27":{"start":{"line":64,"column":12},"end":{"line":64,"column":55}},"28":{"start":{"line":68,"column":8},"end":{"line":77,"column":9}},"29":{"start":{"line":69,"column":25},"end":{"line":69,"column":35}},"30":{"start":{"line":70,"column":25},"end":{"line":70,"column":54}},"31":{"start":{"line":71,"column":12},"end":{"line":73,"column":13}},"32":{"start":{"line":72,"column":16},"end":{"line":72,"column":55}},"33":{"start":{"line":74,"column":12},"end":{"line":74,"column":39}},"34":{"start":{"line":76,"column":12},"end":{"line":76,"column":55}},"35":{"start":{"line":80,"column":8},"end":{"line":89,"column":9}},"36":{"start":{"line":81,"column":28},"end":{"line":81,"column":38}},"37":{"start":{"line":82,"column":25},"end":{"line":82,"column":62}},"38":{"start":{"line":83,"column":12},"end":{"line":85,"column":13}},"39":{"start":{"line":84,"column":16},"end":{"line":84,"column":55}},"40":{"start":{"line":86,"column":12},"end":{"line":86,"column":39}},"41":{"start":{"line":88,"column":12},"end":{"line":88,"column":55}},"42":{"start":{"line":5,"column":0},"end":{"line":5,"column":13}}},"fnMap":{"0":{"name":"(anonymous_7)","decl":{"start":{"line":8,"column":4},"end":{"line":8,"column":16}},"loc":{"start":{"line":8,"column":31},"end":{"line":10,"column":5}}},"1":{"name":"(anonymous_8)","decl":{"start":{"line":12,"column":10},"end":{"line":12,"column":16}},"loc":{"start":{"line":12,"column":41},"end":{"line":26,"column":6}}},"2":{"name":"(anonymous_10)","decl":{"start":{"line":27,"column":10},"end":{"line":27,"column":16}},"loc":{"start":{"line":27,"column":41},"end":{"line":35,"column":6}}},"3":{"name":"(anonymous_12)","decl":{"start":{"line":36,"column":10},"end":{"line":36,"column":16}},"loc":{"start":{"line":36,"column":41},"end":{"line":54,"column":6}}},"4":{"name":"(anonymous_14)","decl":{"start":{"line":55,"column":10},"end":{"line":55,"column":16}},"loc":{"start":{"line":55,"column":41},"end":{"line":66,"column":6}}},"5":{"name":"(anonymous_16)","decl":{"start":{"line":67,"column":10},"end":{"line":67,"column":17}},"loc":{"start":{"line":67,"column":42},"end":{"line":78,"column":null}}},"6":{"name":"(anonymous_18)","decl":{"start":{"line":79,"column":10},"end":{"line":79,"column":20}},"loc":{"start":{"line":79,"column":45},"end":{"line":90,"column":null}}}},"branchMap":{"0":{"loc":{"start":{"line":14,"column":19},"end":{"line":14,"column":27}},"type":"default-arg","locations":[{"start":{"line":14,"column":26},"end":{"line":14,"column":27}}]},"1":{"loc":{"start":{"line":14,"column":30},"end":{"line":14,"column":40}},"type":"default-arg","locations":[{"start":{"line":14,"column":38},"end":{"line":14,"column":40}}]},"2":{"loc":{"start":{"line":45,"column":12},"end":{"line":48,"column":13}},"type":"if","locations":[{"start":{"line":45,"column":12},"end":{"line":48,"column":13}}]},"3":{"loc":{"start":{"line":59,"column":12},"end":{"line":61,"column":13}},"type":"if","locations":[{"start":{"line":59,"column":12},"end":{"line":61,"column":13}}]},"4":{"loc":{"start":{"line":71,"column":12},"end":{"line":73,"column":13}},"type":"if","locations":[{"start":{"line":71,"column":12},"end":{"line":73,"column":13}}]},"5":{"loc":{"start":{"line":83,"column":12},"end":{"line":85,"column":13}},"type":"if","locations":[{"start":{"line":83,"column":12},"end":{"line":85,"column":13}}]}},"s":{"0":6,"1":21,"2":21,"3":21,"4":21,"5":21,"6":0,"7":4,"8":4,"9":4,"10":4,"11":0,"12":2,"13":2,"14":2,"15":2,"16":0,"17":0,"18":2,"19":2,"20":0,"21":2,"22":2,"23":2,"24":2,"25":0,"26":2,"27":0,"28":4,"29":4,"30":4,"31":2,"32":0,"33":2,"34":2,"35":0,"36":0,"37":0,"38":0,"39":0,"40":0,"41":0,"42":3},"f":{"0":6,"1":21,"2":4,"3":2,"4":2,"5":4,"6":0},"b":{"0":[21],"1":[21],"2":[0],"3":[0],"4":[0],"5":[0]}}
,"C:\\Users\\Berse\\WebstormProjects\\Web_Dev_Course_Final_Project\\src\\controllers\\auth_controller.ts": {"path":"C:\\Users\\Berse\\WebstormProjects\\Web_Dev_Course_Final_Project\\src\\controllers\\auth_controller.ts","statementMap":{"0":{"start":{"line":1,"column":0},"end":{"line":1,"column":31}},"1":{"start":{"line":2,"column":0},"end":{"line":2,"column":28}},"2":{"start":{"line":5,"column":0},"end":{"line":5,"column":45}},"3":{"start":{"line":6,"column":0},"end":{"line":6,"column":28}},"4":{"start":{"line":7,"column":0},"end":{"line":7,"column":16}},"5":{"start":{"line":9,"column":23},"end":{"line":37,"column":1}},"6":{"start":{"line":10,"column":17},"end":{"line":10,"column":55}},"7":{"start":{"line":11,"column":4},"end":{"line":13,"column":5}},"8":{"start":{"line":12,"column":8},"end":{"line":12,"column":20}},"9":{"start":{"line":14,"column":4},"end":{"line":16,"column":5}},"10":{"start":{"line":15,"column":8},"end":{"line":15,"column":20}},"11":{"start":{"line":17,"column":4},"end":{"line":19,"column":5}},"12":{"start":{"line":18,"column":8},"end":{"line":18,"column":20}},"13":{"start":{"line":20,"column":24},"end":{"line":26,"column":null}},"14":{"start":{"line":28,"column":25},"end":{"line":34,"column":null}},"15":{"start":{"line":36,"column":4},"end":{"line":36,"column":39}},"16":{"start":{"line":38,"column":17},"end":{"line":82,"column":null}},"17":{"start":{"line":38,"column":55},"end":{"line":82,"column":null}},"18":{"start":{"line":39,"column":21},"end":{"line":39,"column":38}},"19":{"start":{"line":40,"column":18},"end":{"line":40,"column":32}},"20":{"start":{"line":41,"column":21},"end":{"line":41,"column":38}},"21":{"start":{"line":42,"column":21},"end":{"line":42,"column":68}},"22":{"start":{"line":43,"column":4},"end":{"line":46,"column":5}},"23":{"start":{"line":44,"column":8},"end":{"line":44,"column":53}},"24":{"start":{"line":45,"column":8},"end":{"line":45,"column":15}},"25":{"start":{"line":47,"column":4},"end":{"line":50,"column":5}},"26":{"start":{"line":48,"column":8},"end":{"line":48,"column":56}},"27":{"start":{"line":49,"column":8},"end":{"line":49,"column":15}},"28":{"start":{"line":51,"column":22},"end":{"line":51,"column":63}},"29":{"start":{"line":52,"column":4},"end":{"line":55,"column":5}},"30":{"start":{"line":53,"column":8},"end":{"line":53,"column":50}},"31":{"start":{"line":54,"column":8},"end":{"line":54,"column":15}},"32":{"start":{"line":56,"column":4},"end":{"line":59,"column":5}},"33":{"start":{"line":57,"column":8},"end":{"line":57,"column":53}},"34":{"start":{"line":58,"column":8},"end":{"line":58,"column":15}},"35":{"start":{"line":60,"column":4},"end":{"line":63,"column":5}},"36":{"start":{"line":61,"column":8},"end":{"line":61,"column":53}},"37":{"start":{"line":62,"column":8},"end":{"line":62,"column":15}},"38":{"start":{"line":64,"column":4},"end":{"line":67,"column":5}},"39":{"start":{"line":65,"column":8},"end":{"line":65,"column":71}},"40":{"start":{"line":66,"column":8},"end":{"line":66,"column":15}},"41":{"start":{"line":68,"column":4},"end":{"line":81,"column":5}},"42":{"start":{"line":69,"column":21},"end":{"line":69,"column":45}},"43":{"start":{"line":70,"column":31},"end":{"line":70,"column":64}},"44":{"start":{"line":71,"column":21},"end":{"line":75,"column":10}},"45":{"start":{"line":76,"column":8},"end":{"line":76,"column":26}},"46":{"start":{"line":77,"column":8},"end":{"line":77,"column":35}},"47":{"start":{"line":78,"column":8},"end":{"line":78,"column":15}},"48":{"start":{"line":80,"column":8},"end":{"line":80,"column":42}},"49":{"start":{"line":83,"column":14},"end":{"line":116,"column":null}},"50":{"start":{"line":83,"column":52},"end":{"line":116,"column":null}},"51":{"start":{"line":84,"column":21},"end":{"line":84,"column":38}},"52":{"start":{"line":85,"column":21},"end":{"line":85,"column":38}},"53":{"start":{"line":86,"column":4},"end":{"line":115,"column":5}},"54":{"start":{"line":87,"column":21},"end":{"line":87,"column":66}},"55":{"start":{"line":88,"column":8},"end":{"line":91,"column":9}},"56":{"start":{"line":89,"column":12},"end":{"line":89,"column":67}},"57":{"start":{"line":90,"column":12},"end":{"line":90,"column":19}},"58":{"start":{"line":92,"column":30},"end":{"line":92,"column":75}},"59":{"start":{"line":93,"column":8},"end":{"line":96,"column":9}},"60":{"start":{"line":94,"column":12},"end":{"line":94,"column":67}},"61":{"start":{"line":95,"column":12},"end":{"line":95,"column":19}},"62":{"start":{"line":97,"column":23},"end":{"line":97,"column":58}},"63":{"start":{"line":98,"column":8},"end":{"line":101,"column":9}},"64":{"start":{"line":99,"column":12},"end":{"line":99,"column":49}},"65":{"start":{"line":100,"column":12},"end":{"line":100,"column":19}},"66":{"start":{"line":102,"column":8},"end":{"line":104,"column":9}},"67":{"start":{"line":103,"column":12},"end":{"line":103,"column":35}},"68":{"start":{"line":105,"column":8},"end":{"line":105,"column":52}},"69":{"start":{"line":106,"column":8},"end":{"line":106,"column":26}},"70":{"start":{"line":107,"column":8},"end":{"line":112,"column":11}},"71":{"start":{"line":114,"column":8},"end":{"line":114,"column":42}},"72":{"start":{"line":117,"column":15},"end":{"line":153,"column":null}},"73":{"start":{"line":117,"column":53},"end":{"line":153,"column":null}},"74":{"start":{"line":118,"column":25},"end":{"line":118,"column":46}},"75":{"start":{"line":119,"column":4},"end":{"line":122,"column":5}},"76":{"start":{"line":120,"column":8},"end":{"line":120,"column":53}},"77":{"start":{"line":121,"column":8},"end":{"line":121,"column":15}},"78":{"start":{"line":123,"column":4},"end":{"line":126,"column":5}},"79":{"start":{"line":124,"column":8},"end":{"line":124,"column":45}},"80":{"start":{"line":125,"column":8},"end":{"line":125,"column":15}},"81":{"start":{"line":127,"column":4},"end":{"line":152,"column":7}},"82":{"start":{"line":127,"column":85},"end":{"line":152,"column":6}},"83":{"start":{"line":128,"column":8},"end":{"line":131,"column":9}},"84":{"start":{"line":129,"column":12},"end":{"line":129,"column":50}},"85":{"start":{"line":130,"column":12},"end":{"line":130,"column":19}},"86":{"start":{"line":132,"column":23},"end":{"line":132,"column":31}},"87":{"start":{"line":133,"column":8},"end":{"line":151,"column":9}},"88":{"start":{"line":134,"column":25},"end":{"line":134,"column":57}},"89":{"start":{"line":135,"column":12},"end":{"line":138,"column":13}},"90":{"start":{"line":136,"column":16},"end":{"line":136,"column":55}},"91":{"start":{"line":137,"column":16},"end":{"line":137,"column":23}},"92":{"start":{"line":139,"column":12},"end":{"line":144,"column":13}},"93":{"start":{"line":140,"column":16},"end":{"line":140,"column":39}},"94":{"start":{"line":141,"column":16},"end":{"line":141,"column":34}},"95":{"start":{"line":142,"column":16},"end":{"line":142,"column":54}},"96":{"start":{"line":143,"column":16},"end":{"line":143,"column":23}},"97":{"start":{"line":146,"column":12},"end":{"line":146,"column":90}},"98":{"start":{"line":146,"column":66},"end":{"line":146,"column":88}},"99":{"start":{"line":147,"column":12},"end":{"line":147,"column":30}},"100":{"start":{"line":148,"column":12},"end":{"line":148,"column":54}},"101":{"start":{"line":150,"column":12},"end":{"line":150,"column":46}},"102":{"start":{"line":154,"column":16},"end":{"line":200,"column":null}},"103":{"start":{"line":154,"column":54},"end":{"line":200,"column":null}},"104":{"start":{"line":155,"column":25},"end":{"line":155,"column":46}},"105":{"start":{"line":156,"column":4},"end":{"line":159,"column":5}},"106":{"start":{"line":157,"column":8},"end":{"line":157,"column":53}},"107":{"start":{"line":158,"column":8},"end":{"line":158,"column":15}},"108":{"start":{"line":160,"column":4},"end":{"line":163,"column":5}},"109":{"start":{"line":161,"column":8},"end":{"line":161,"column":45}},"110":{"start":{"line":162,"column":8},"end":{"line":162,"column":15}},"111":{"start":{"line":164,"column":4},"end":{"line":199,"column":7}},"112":{"start":{"line":164,"column":85},"end":{"line":199,"column":6}},"113":{"start":{"line":165,"column":8},"end":{"line":168,"column":9}},"114":{"start":{"line":166,"column":12},"end":{"line":166,"column":50}},"115":{"start":{"line":167,"column":12},"end":{"line":167,"column":19}},"116":{"start":{"line":169,"column":23},"end":{"line":169,"column":31}},"117":{"start":{"line":170,"column":8},"end":{"line":198,"column":9}},"118":{"start":{"line":171,"column":25},"end":{"line":171,"column":57}},"119":{"start":{"line":172,"column":12},"end":{"line":175,"column":13}},"120":{"start":{"line":173,"column":16},"end":{"line":173,"column":55}},"121":{"start":{"line":174,"column":16},"end":{"line":174,"column":23}},"122":{"start":{"line":176,"column":12},"end":{"line":181,"column":13}},"123":{"start":{"line":177,"column":16},"end":{"line":177,"column":39}},"124":{"start":{"line":178,"column":16},"end":{"line":178,"column":34}},"125":{"start":{"line":179,"column":16},"end":{"line":179,"column":54}},"126":{"start":{"line":180,"column":16},"end":{"line":180,"column":23}},"127":{"start":{"line":182,"column":30},"end":{"line":182,"column":52}},"128":{"start":{"line":183,"column":12},"end":{"line":188,"column":13}},"129":{"start":{"line":184,"column":16},"end":{"line":184,"column":39}},"130":{"start":{"line":185,"column":16},"end":{"line":185,"column":34}},"131":{"start":{"line":186,"column":16},"end":{"line":186,"column":53}},"132":{"start":{"line":187,"column":16},"end":{"line":187,"column":23}},"133":{"start":{"line":189,"column":12},"end":{"line":189,"column":92}},"134":{"start":{"line":189,"column":68},"end":{"line":189,"column":90}},"135":{"start":{"line":190,"column":12},"end":{"line":190,"column":59}},"136":{"start":{"line":191,"column":12},"end":{"line":191,"column":30}},"137":{"start":{"line":192,"column":12},"end":{"line":195,"column":15}},"138":{"start":{"line":197,"column":12},"end":{"line":197,"column":46}},"139":{"start":{"line":204,"column":30},"end":{"line":225,"column":1}},"140":{"start":{"line":205,"column":24},"end":{"line":205,"column":52}},"141":{"start":{"line":206,"column":18},"end":{"line":206,"column":58}},"142":{"start":{"line":207,"column":4},"end":{"line":210,"column":5}},"143":{"start":{"line":208,"column":8},"end":{"line":208,"column":46}},"144":{"start":{"line":209,"column":8},"end":{"line":209,"column":15}},"145":{"start":{"line":211,"column":4},"end":{"line":214,"column":5}},"146":{"start":{"line":212,"column":8},"end":{"line":212,"column":45}},"147":{"start":{"line":213,"column":8},"end":{"line":213,"column":15}},"148":{"start":{"line":215,"column":4},"end":{"line":224,"column":7}},"149":{"start":{"line":216,"column":8},"end":{"line":223,"column":9}},"150":{"start":{"line":217,"column":12},"end":{"line":217,"column":50}},"151":{"start":{"line":218,"column":12},"end":{"line":218,"column":19}},"152":{"start":{"line":221,"column":12},"end":{"line":221,"column":57}},"153":{"start":{"line":222,"column":12},"end":{"line":222,"column":19}},"154":{"start":{"line":204,"column":13},"end":{"line":204,"column":30}},"155":{"start":{"line":226,"column":23},"end":{"line":231,"column":null}},"156":{"start":{"line":232,"column":0},"end":{"line":232,"column":30}}},"fnMap":{"0":{"name":"(anonymous_8)","decl":{"start":{"line":9,"column":23},"end":{"line":9,"column":24}},"loc":{"start":{"line":9,"column":89},"end":{"line":37,"column":1}}},"1":{"name":"(anonymous_9)","decl":{"start":{"line":38,"column":17},"end":{"line":38,"column":24}},"loc":{"start":{"line":38,"column":55},"end":{"line":82,"column":null}}},"2":{"name":"(anonymous_10)","decl":{"start":{"line":38,"column":55},"end":{"line":38,"column":null}},"loc":{"start":{"line":38,"column":55},"end":{"line":82,"column":1}}},"3":{"name":"(anonymous_11)","decl":{"start":{"line":83,"column":14},"end":{"line":83,"column":21}},"loc":{"start":{"line":83,"column":52},"end":{"line":116,"column":null}}},"4":{"name":"(anonymous_12)","decl":{"start":{"line":83,"column":52},"end":{"line":83,"column":null}},"loc":{"start":{"line":83,"column":52},"end":{"line":116,"column":1}}},"5":{"name":"(anonymous_13)","decl":{"start":{"line":117,"column":15},"end":{"line":117,"column":22}},"loc":{"start":{"line":117,"column":53},"end":{"line":153,"column":null}}},"6":{"name":"(anonymous_14)","decl":{"start":{"line":117,"column":53},"end":{"line":117,"column":null}},"loc":{"start":{"line":117,"column":53},"end":{"line":153,"column":1}}},"7":{"name":"(anonymous_15)","decl":{"start":{"line":127,"column":55},"end":{"line":127,"column":62}},"loc":{"start":{"line":127,"column":85},"end":{"line":152,"column":6}}},"8":{"name":"(anonymous_16)","decl":{"start":{"line":127,"column":85},"end":{"line":127,"column":null}},"loc":{"start":{"line":127,"column":85},"end":{"line":152,"column":5}}},"9":{"name":"(anonymous_17)","decl":{"start":{"line":146,"column":57},"end":{"line":146,"column":62}},"loc":{"start":{"line":146,"column":66},"end":{"line":146,"column":88}}},"10":{"name":"(anonymous_18)","decl":{"start":{"line":154,"column":16},"end":{"line":154,"column":23}},"loc":{"start":{"line":154,"column":54},"end":{"line":200,"column":null}}},"11":{"name":"(anonymous_19)","decl":{"start":{"line":154,"column":54},"end":{"line":154,"column":null}},"loc":{"start":{"line":154,"column":54},"end":{"line":200,"column":1}}},"12":{"name":"(anonymous_20)","decl":{"start":{"line":164,"column":55},"end":{"line":164,"column":62}},"loc":{"start":{"line":164,"column":85},"end":{"line":199,"column":6}}},"13":{"name":"(anonymous_21)","decl":{"start":{"line":164,"column":85},"end":{"line":164,"column":null}},"loc":{"start":{"line":164,"column":85},"end":{"line":199,"column":5}}},"14":{"name":"(anonymous_22)","decl":{"start":{"line":189,"column":57},"end":{"line":189,"column":58}},"loc":{"start":{"line":189,"column":68},"end":{"line":189,"column":90}}},"15":{"name":"(anonymous_23)","decl":{"start":{"line":204,"column":30},"end":{"line":204,"column":31}},"loc":{"start":{"line":204,"column":82},"end":{"line":225,"column":1}}},"16":{"name":"(anonymous_24)","decl":{"start":{"line":215,"column":48},"end":{"line":215,"column":49}},"loc":{"start":{"line":215,"column":70},"end":{"line":224,"column":5}}}},"branchMap":{"0":{"loc":{"start":{"line":11,"column":4},"end":{"line":13,"column":5}},"type":"if","locations":[{"start":{"line":11,"column":4},"end":{"line":13,"column":5}}]},"1":{"loc":{"start":{"line":14,"column":4},"end":{"line":16,"column":5}},"type":"if","locations":[{"start":{"line":14,"column":4},"end":{"line":16,"column":5}}]},"2":{"loc":{"start":{"line":17,"column":4},"end":{"line":19,"column":5}},"type":"if","locations":[{"start":{"line":17,"column":4},"end":{"line":19,"column":5}}]},"3":{"loc":{"start":{"line":43,"column":4},"end":{"line":46,"column":5}},"type":"if","locations":[{"start":{"line":43,"column":4},"end":{"line":46,"column":5}}]},"4":{"loc":{"start":{"line":47,"column":4},"end":{"line":50,"column":5}},"type":"if","locations":[{"start":{"line":47,"column":4},"end":{"line":50,"column":5}}]},"5":{"loc":{"start":{"line":52,"column":4},"end":{"line":55,"column":5}},"type":"if","locations":[{"start":{"line":52,"column":4},"end":{"line":55,"column":5}}]},"6":{"loc":{"start":{"line":56,"column":4},"end":{"line":59,"column":5}},"type":"if","locations":[{"start":{"line":56,"column":4},"end":{"line":59,"column":5}}]},"7":{"loc":{"start":{"line":60,"column":4},"end":{"line":63,"column":5}},"type":"if","locations":[{"start":{"line":60,"column":4},"end":{"line":63,"column":5}}]},"8":{"loc":{"start":{"line":64,"column":4},"end":{"line":67,"column":5}},"type":"if","locations":[{"start":{"line":64,"column":4},"end":{"line":67,"column":5}}]},"9":{"loc":{"start":{"line":88,"column":8},"end":{"line":91,"column":9}},"type":"if","locations":[{"start":{"line":88,"column":8},"end":{"line":91,"column":9}}]},"10":{"loc":{"start":{"line":93,"column":8},"end":{"line":96,"column":9}},"type":"if","locations":[{"start":{"line":93,"column":8},"end":{"line":96,"column":9}}]},"11":{"loc":{"start":{"line":98,"column":8},"end":{"line":101,"column":9}},"type":"if","locations":[{"start":{"line":98,"column":8},"end":{"line":101,"column":9}}]},"12":{"loc":{"start":{"line":102,"column":8},"end":{"line":104,"column":9}},"type":"if","locations":[{"start":{"line":102,"column":8},"end":{"line":104,"column":9}}]},"13":{"loc":{"start":{"line":119,"column":4},"end":{"line":122,"column":5}},"type":"if","locations":[{"start":{"line":119,"column":4},"end":{"line":122,"column":5}}]},"14":{"loc":{"start":{"line":123,"column":4},"end":{"line":126,"column":5}},"type":"if","locations":[{"start":{"line":123,"column":4},"end":{"line":126,"column":5}}]},"15":{"loc":{"start":{"line":128,"column":8},"end":{"line":131,"column":9}},"type":"if","locations":[{"start":{"line":128,"column":8},"end":{"line":131,"column":9}}]},"16":{"loc":{"start":{"line":135,"column":12},"end":{"line":138,"column":13}},"type":"if","locations":[{"start":{"line":135,"column":12},"end":{"line":138,"column":13}}]},"17":{"loc":{"start":{"line":139,"column":12},"end":{"line":144,"column":13}},"type":"if","locations":[{"start":{"line":139,"column":12},"end":{"line":144,"column":13}}]},"18":{"loc":{"start":{"line":139,"column":16},"end":{"line":139,"column":92}},"type":"binary-expr","locations":[{"start":{"line":139,"column":16},"end":{"line":139,"column":34}},{"start":{"line":139,"column":38},"end":{"line":139,"column":92}}]},"19":{"loc":{"start":{"line":156,"column":4},"end":{"line":159,"column":5}},"type":"if","locations":[{"start":{"line":156,"column":4},"end":{"line":159,"column":5}}]},"20":{"loc":{"start":{"line":160,"column":4},"end":{"line":163,"column":5}},"type":"if","locations":[{"start":{"line":160,"column":4},"end":{"line":163,"column":5}}]},"21":{"loc":{"start":{"line":165,"column":8},"end":{"line":168,"column":9}},"type":"if","locations":[{"start":{"line":165,"column":8},"end":{"line":168,"column":9}}]},"22":{"loc":{"start":{"line":172,"column":12},"end":{"line":175,"column":13}},"type":"if","locations":[{"start":{"line":172,"column":12},"end":{"line":175,"column":13}}]},"23":{"loc":{"start":{"line":176,"column":12},"end":{"line":181,"column":13}},"type":"if","locations":[{"start":{"line":176,"column":12},"end":{"line":181,"column":13}}]},"24":{"loc":{"start":{"line":176,"column":16},"end":{"line":176,"column":92}},"type":"binary-expr","locations":[{"start":{"line":176,"column":16},"end":{"line":176,"column":34}},{"start":{"line":176,"column":38},"end":{"line":176,"column":92}}]},"25":{"loc":{"start":{"line":183,"column":12},"end":{"line":188,"column":13}},"type":"if","locations":[{"start":{"line":183,"column":12},"end":{"line":188,"column":13}}]},"26":{"loc":{"start":{"line":206,"column":18},"end":{"line":206,"column":58}},"type":"binary-expr","locations":[{"start":{"line":206,"column":18},"end":{"line":206,"column":29}},{"start":{"line":206,"column":33},"end":{"line":206,"column":58}}]},"27":{"loc":{"start":{"line":207,"column":4},"end":{"line":210,"column":5}},"type":"if","locations":[{"start":{"line":207,"column":4},"end":{"line":210,"column":5}}]},"28":{"loc":{"start":{"line":211,"column":4},"end":{"line":214,"column":5}},"type":"if","locations":[{"start":{"line":211,"column":4},"end":{"line":214,"column":5}}]},"29":{"loc":{"start":{"line":216,"column":8},"end":{"line":223,"column":9}},"type":"if","locations":[{"start":{"line":216,"column":8},"end":{"line":223,"column":9}},{"start":{"line":219,"column":15},"end":{"line":223,"column":9}}]}},"s":{"0":3,"1":3,"2":3,"3":3,"4":3,"5":3,"6":5,"7":5,"8":0,"9":5,"10":0,"11":5,"12":0,"13":5,"14":5,"15":5,"16":3,"17":9,"18":9,"19":9,"20":9,"21":9,"22":9,"23":1,"24":1,"25":8,"26":1,"27":1,"28":7,"29":7,"30":1,"31":1,"32":6,"33":1,"34":1,"35":5,"36":1,"37":1,"38":4,"39":1,"40":1,"41":3,"42":3,"43":3,"44":3,"45":3,"46":3,"47":3,"48":0,"49":3,"50":6,"51":6,"52":6,"53":6,"54":6,"55":6,"56":1,"57":1,"58":5,"59":5,"60":1,"61":1,"62":4,"63":4,"64":0,"65":0,"66":4,"67":0,"68":4,"69":4,"70":4,"71":0,"72":3,"73":3,"74":3,"75":3,"76":2,"77":2,"78":1,"79":0,"80":0,"81":1,"82":1,"83":1,"84":0,"85":0,"86":1,"87":1,"88":1,"89":1,"90":0,"91":0,"92":1,"93":0,"94":0,"95":0,"96":0,"97":1,"98":2,"99":1,"100":1,"101":0,"102":3,"103":3,"104":3,"105":3,"106":1,"107":1,"108":2,"109":0,"110":0,"111":2,"112":2,"113":2,"114":1,"115":1,"116":1,"117":1,"118":1,"119":1,"120":0,"121":0,"122":1,"123":0,"124":0,"125":0,"126":0,"127":1,"128":1,"129":0,"130":0,"131":0,"132":0,"133":1,"134":2,"135":1,"136":1,"137":1,"138":0,"139":3,"140":14,"141":14,"142":14,"143":2,"144":2,"145":12,"146":0,"147":0,"148":12,"149":12,"150":0,"151":0,"152":12,"153":12,"154":3,"155":3,"156":3},"f":{"0":5,"1":9,"2":9,"3":6,"4":6,"5":3,"6":3,"7":1,"8":1,"9":2,"10":3,"11":3,"12":2,"13":2,"14":2,"15":14,"16":12},"b":{"0":[0],"1":[0],"2":[0],"3":[1],"4":[1],"5":[1],"6":[1],"7":[1],"8":[1],"9":[1],"10":[1],"11":[0],"12":[0],"13":[2],"14":[0],"15":[0],"16":[0],"17":[0],"18":[1,1],"19":[1],"20":[0],"21":[1],"22":[0],"23":[0],"24":[1,1],"25":[0],"26":[14,13],"27":[2],"28":[0],"29":[0,12]}}
,"C:\\Users\\Berse\\WebstormProjects\\Web_Dev_Course_Final_Project\\src\\controllers\\comment_controller.ts": {"path":"C:\\Users\\Berse\\WebstormProjects\\Web_Dev_Course_Final_Project\\src\\controllers\\comment_controller.ts","statementMap":{"0":{"start":{"line":1,"column":0},"end":{"line":1,"column":42}},"1":{"start":{"line":2,"column":0},"end":{"line":2,"column":62}},"2":{"start":{"line":8,"column":8},"end":{"line":8,"column":28}},"3":{"start":{"line":11,"column":8},"end":{"line":34,"column":9}},"4":{"start":{"line":12,"column":25},"end":{"line":12,"column":35}},"5":{"start":{"line":13,"column":25},"end":{"line":13,"column":40}},"6":{"start":{"line":14,"column":28},"end":{"line":14,"column":59}},"7":{"start":{"line":15,"column":12},"end":{"line":18,"column":13}},"8":{"start":{"line":16,"column":16},"end":{"line":16,"column":55}},"9":{"start":{"line":17,"column":16},"end":{"line":17,"column":23}},"10":{"start":{"line":20,"column":28},"end":{"line":20,"column":56}},"11":{"start":{"line":21,"column":12},"end":{"line":27,"column":13}},"12":{"start":{"line":22,"column":16},"end":{"line":22,"column":74}},"13":{"start":{"line":22,"column":61},"end":{"line":22,"column":72}},"14":{"start":{"line":23,"column":16},"end":{"line":23,"column":40}},"15":{"start":{"line":25,"column":16},"end":{"line":25,"column":41}},"16":{"start":{"line":26,"column":16},"end":{"line":26,"column":40}},"17":{"start":{"line":28,"column":12},"end":{"line":28,"column":33}},"18":{"start":{"line":29,"column":12},"end":{"line":29,"column":42}},"19":{"start":{"line":30,"column":12},"end":{"line":30,"column":19}},"20":{"start":{"line":32,"column":12},"end":{"line":32,"column":55}},"21":{"start":{"line":33,"column":12},"end":{"line":33,"column":19}},"22":{"start":{"line":37,"column":0},"end":{"line":37,"column":39}}},"fnMap":{"0":{"name":"(anonymous_8)","decl":{"start":{"line":7,"column":4},"end":{"line":7,"column":null}},"loc":{"start":{"line":7,"column":4},"end":{"line":9,"column":5}}},"1":{"name":"(anonymous_9)","decl":{"start":{"line":10,"column":10},"end":{"line":10,"column":14}},"loc":{"start":{"line":10,"column":39},"end":{"line":35,"column":null}}},"2":{"name":"(anonymous_11)","decl":{"start":{"line":22,"column":53},"end":{"line":22,"column":54}},"loc":{"start":{"line":22,"column":61},"end":{"line":22,"column":72}}}},"branchMap":{"0":{"loc":{"start":{"line":15,"column":12},"end":{"line":18,"column":13}},"type":"if","locations":[{"start":{"line":15,"column":12},"end":{"line":18,"column":13}}]},"1":{"loc":{"start":{"line":21,"column":12},"end":{"line":27,"column":13}},"type":"if","locations":[{"start":{"line":21,"column":12},"end":{"line":27,"column":13}},{"start":{"line":24,"column":19},"end":{"line":27,"column":13}}]}},"s":{"0":3,"1":3,"2":3,"3":2,"4":2,"5":2,"6":2,"7":2,"8":0,"9":0,"10":2,"11":2,"12":1,"13":1,"14":1,"15":1,"16":1,"17":2,"18":2,"19":2,"20":0,"21":0,"22":3},"f":{"0":3,"1":2,"2":1},"b":{"0":[0],"1":[1,1]}}
,"C:\\Users\\Berse\\WebstormProjects\\Web_Dev_Course_Final_Project\\src\\controllers\\post_controller.ts": {"path":"C:\\Users\\Berse\\WebstormProjects\\Web_Dev_Course_Final_Project\\src\\controllers\\post_controller.ts","statementMap":{"0":{"start":{"line":1,"column":0},"end":{"line":1,"column":41}},"1":{"start":{"line":2,"column":0},"end":{"line":2,"column":52}},"2":{"start":{"line":7,"column":8},"end":{"line":7,"column":25}},"3":{"start":{"line":10,"column":7},"end":{"line":33,"column":8}},"4":{"start":{"line":11,"column":20},"end":{"line":11,"column":30}},"5":{"start":{"line":12,"column":20},"end":{"line":12,"column":35}},"6":{"start":{"line":13,"column":20},"end":{"line":13,"column":48}},"7":{"start":{"line":14,"column":7},"end":{"line":17,"column":8}},"8":{"start":{"line":15,"column":14},"end":{"line":15,"column":53}},"9":{"start":{"line":16,"column":14},"end":{"line":16,"column":21}},"10":{"start":{"line":19,"column":23},"end":{"line":19,"column":48}},"11":{"start":{"line":20,"column":7},"end":{"line":26,"column":8}},"12":{"start":{"line":21,"column":11},"end":{"line":21,"column":63}},"13":{"start":{"line":21,"column":50},"end":{"line":21,"column":61}},"14":{"start":{"line":22,"column":11},"end":{"line":22,"column":32}},"15":{"start":{"line":24,"column":11},"end":{"line":24,"column":33}},"16":{"start":{"line":25,"column":11},"end":{"line":25,"column":32}},"17":{"start":{"line":27,"column":7},"end":{"line":27,"column":25}},"18":{"start":{"line":28,"column":7},"end":{"line":28,"column":34}},"19":{"start":{"line":29,"column":7},"end":{"line":29,"column":14}},"20":{"start":{"line":31,"column":14},"end":{"line":31,"column":57}},"21":{"start":{"line":32,"column":14},"end":{"line":32,"column":21}},"22":{"start":{"line":36,"column":0},"end":{"line":36,"column":36}}},"fnMap":{"0":{"name":"(anonymous_8)","decl":{"start":{"line":6,"column":4},"end":{"line":6,"column":null}},"loc":{"start":{"line":6,"column":4},"end":{"line":8,"column":5}}},"1":{"name":"(anonymous_9)","decl":{"start":{"line":9,"column":10},"end":{"line":9,"column":14}},"loc":{"start":{"line":9,"column":39},"end":{"line":34,"column":null}}},"2":{"name":"(anonymous_11)","decl":{"start":{"line":21,"column":42},"end":{"line":21,"column":43}},"loc":{"start":{"line":21,"column":50},"end":{"line":21,"column":61}}}},"branchMap":{"0":{"loc":{"start":{"line":14,"column":7},"end":{"line":17,"column":8}},"type":"if","locations":[{"start":{"line":14,"column":7},"end":{"line":17,"column":8}}]},"1":{"loc":{"start":{"line":20,"column":7},"end":{"line":26,"column":8}},"type":"if","locations":[{"start":{"line":20,"column":7},"end":{"line":26,"column":8}},{"start":{"line":23,"column":14},"end":{"line":26,"column":8}}]}},"s":{"0":3,"1":3,"2":3,"3":2,"4":2,"5":2,"6":2,"7":2,"8":0,"9":0,"10":2,"11":2,"12":1,"13":1,"14":1,"15":1,"16":1,"17":2,"18":2,"19":2,"20":0,"21":0,"22":3},"f":{"0":3,"1":2,"2":1},"b":{"0":[0],"1":[1,1]}}
,"C:\\Users\\Berse\\WebstormProjects\\Web_Dev_Course_Final_Project\\src\\models\\comment_model.ts": {"path":"C:\\Users\\Berse\\WebstormProjects\\Web_Dev_Course_Final_Project\\src\\models\\comment_model.ts","statementMap":{"0":{"start":{"line":1,"column":0},"end":{"line":1,"column":32}},"1":{"start":{"line":10,"column":22},"end":{"line":31,"column":2}},"2":{"start":{"line":32,"column":21},"end":{"line":32,"column":71}},"3":{"start":{"line":33,"column":0},"end":{"line":33,"column":28}}},"fnMap":{},"branchMap":{},"s":{"0":3,"1":3,"2":3,"3":3},"f":{},"b":{}}
,"C:\\Users\\Berse\\WebstormProjects\\Web_Dev_Course_Final_Project\\src\\models\\post_model.ts": {"path":"C:\\Users\\Berse\\WebstormProjects\\Web_Dev_Course_Final_Project\\src\\models\\post_model.ts","statementMap":{"0":{"start":{"line":1,"column":0},"end":{"line":1,"column":32}},"1":{"start":{"line":16,"column":19},"end":{"line":51,"column":2}},"2":{"start":{"line":53,"column":18},"end":{"line":53,"column":59}},"3":{"start":{"line":54,"column":0},"end":{"line":54,"column":25}}},"fnMap":{},"branchMap":{},"s":{"0":3,"1":3,"2":3,"3":3},"f":{},"b":{}}
,"C:\\Users\\Berse\\WebstormProjects\\Web_Dev_Course_Final_Project\\src\\models\\user_model.ts": {"path":"C:\\Users\\Berse\\WebstormProjects\\Web_Dev_Course_Final_Project\\src\\models\\user_model.ts","statementMap":{"0":{"start":{"line":1,"column":0},"end":{"line":1,"column":32}},"1":{"start":{"line":13,"column":19},"end":{"line":49,"column":2}},"2":{"start":{"line":50,"column":18},"end":{"line":50,"column":59}},"3":{"start":{"line":51,"column":0},"end":{"line":51,"column":25}}},"fnMap":{},"branchMap":{},"s":{"0":3,"1":3,"2":3,"3":3},"f":{},"b":{}}
,"C:\\Users\\Berse\\WebstormProjects\\Web_Dev_Course_Final_Project\\src\\routes\\auth_route.ts": {"path":"C:\\Users\\Berse\\WebstormProjects\\Web_Dev_Course_Final_Project\\src\\routes\\auth_route.ts","statementMap":{"0":{"start":{"line":1,"column":0},"end":{"line":1,"column":30}},"1":{"start":{"line":2,"column":15},"end":{"line":2,"column":31}},"2":{"start":{"line":3,"column":0},"end":{"line":3,"column":60}},"3":{"start":{"line":5,"column":0},"end":{"line":5,"column":49}},"4":{"start":{"line":6,"column":0},"end":{"line":6,"column":43}},"5":{"start":{"line":7,"column":0},"end":{"line":7,"column":47}},"6":{"start":{"line":8,"column":0},"end":{"line":8,"column":45}},"7":{"start":{"line":10,"column":0},"end":{"line":10,"column":22}}},"fnMap":{},"branchMap":{},"s":{"0":3,"1":3,"2":3,"3":3,"4":3,"5":3,"6":3,"7":3},"f":{},"b":{}}
,"C:\\Users\\Berse\\WebstormProjects\\Web_Dev_Course_Final_Project\\src\\routes\\comment_route.ts": {"path":"C:\\Users\\Berse\\WebstormProjects\\Web_Dev_Course_Final_Project\\src\\routes\\comment_route.ts","statementMap":{"0":{"start":{"line":1,"column":0},"end":{"line":1,"column":30}},"1":{"start":{"line":2,"column":0},"end":{"line":2,"column":66}},"2":{"start":{"line":3,"column":0},"end":{"line":3,"column":62}},"3":{"start":{"line":4,"column":15},"end":{"line":4,"column":31}},"4":{"start":{"line":6,"column":0},"end":{"line":6,"column":66}},"5":{"start":{"line":7,"column":0},"end":{"line":7,"column":70}},"6":{"start":{"line":8,"column":0},"end":{"line":8,"column":82}},"7":{"start":{"line":9,"column":0},"end":{"line":9,"column":84}},"8":{"start":{"line":10,"column":0},"end":{"line":10,"column":87}},"9":{"start":{"line":11,"column":0},"end":{"line":11,"column":87}},"10":{"start":{"line":13,"column":0},"end":{"line":13,"column":22}}},"fnMap":{},"branchMap":{},"s":{"0":3,"1":3,"2":3,"3":3,"4":3,"5":3,"6":3,"7":3,"8":3,"9":3,"10":3},"f":{},"b":{}}
,"C:\\Users\\Berse\\WebstormProjects\\Web_Dev_Course_Final_Project\\src\\routes\\post_route.ts": {"path":"C:\\Users\\Berse\\WebstormProjects\\Web_Dev_Course_Final_Project\\src\\routes\\post_route.ts","statementMap":{"0":{"start":{"line":1,"column":0},"end":{"line":1,"column":30}},"1":{"start":{"line":2,"column":0},"end":{"line":2,"column":60}},"2":{"start":{"line":3,"column":15},"end":{"line":3,"column":31}},"3":{"start":{"line":4,"column":0},"end":{"line":4,"column":62}},"4":{"start":{"line":6,"column":0},"end":{"line":6,"column":60}},"5":{"start":{"line":7,"column":0},"end":{"line":7,"column":64}},"6":{"start":{"line":8,"column":0},"end":{"line":8,"column":73}},"7":{"start":{"line":9,"column":0},"end":{"line":9,"column":76}},"8":{"start":{"line":10,"column":0},"end":{"line":10,"column":78}},"9":{"start":{"line":11,"column":0},"end":{"line":11,"column":81}},"10":{"start":{"line":12,"column":0},"end":{"line":12,"column":81}},"11":{"start":{"line":14,"column":0},"end":{"line":14,"column":22}}},"fnMap":{},"branchMap":{},"s":{"0":3,"1":3,"2":3,"3":3,"4":3,"5":3,"6":3,"7":3,"8":3,"9":3,"10":3,"11":3},"f":{},"b":{}}
}
