TN:
SF:src\server.ts
FN:18,(anonymous_8)
FN:18,(anonymous_9)
FN:19,(anonymous_10)
FN:21,(anonymous_11)
FN:24,(anonymous_12)
FN:31,(anonymous_13)
FNF:6
FNH:5
FNDA:3,(anonymous_8)
FNDA:3,(anonymous_9)
FNDA:3,(anonymous_10)
FNDA:0,(anonymous_11)
FNDA:3,(anonymous_12)
FNDA:3,(anonymous_13)
DA:1,3
DA:2,3
DA:3,3
DA:4,3
DA:5,3
DA:6,3
DA:7,3
DA:8,3
DA:10,3
DA:11,3
DA:12,3
DA:14,3
DA:15,3
DA:16,3
DA:18,3
DA:19,3
DA:20,3
DA:21,3
DA:22,0
DA:24,3
DA:25,3
DA:27,3
DA:28,0
DA:29,0
DA:31,3
DA:32,3
DA:34,3
DA:39,3
LF:28
LH:25
BRDA:27,0,0,0
BRDA:27,0,1,3
BRF:2
BRH:1
end_of_record
TN:
SF:src\controllers\_controller.ts
FN:8,(anonymous_7)
FN:12,(anonymous_8)
FN:27,(anonymous_10)
FN:36,(anonymous_12)
FN:55,(anonymous_14)
FN:67,(anonymous_16)
FN:79,(anonymous_18)
FNF:7
FNH:6
FNDA:6,(anonymous_7)
FNDA:21,(anonymous_8)
FNDA:4,(anonymous_10)
FNDA:2,(anonymous_12)
FNDA:2,(anonymous_14)
FNDA:4,(anonymous_16)
FNDA:0,(anonymous_18)
DA:5,3
DA:9,6
DA:13,21
DA:14,21
DA:15,21
DA:16,21
DA:22,21
DA:24,0
DA:28,4
DA:29,4
DA:30,4
DA:31,4
DA:33,0
DA:37,2
DA:38,2
DA:39,2
DA:45,2
DA:46,0
DA:47,0
DA:49,2
DA:50,2
DA:52,0
DA:56,2
DA:57,2
DA:58,2
DA:59,2
DA:60,0
DA:62,2
DA:64,0
DA:68,4
DA:69,4
DA:70,4
DA:71,2
DA:72,0
DA:74,2
DA:76,2
DA:80,0
DA:81,0
DA:82,0
DA:83,0
DA:84,0
DA:86,0
DA:88,0
LF:43
LH:28
BRDA:14,0,0,21
BRDA:14,1,0,21
BRDA:45,2,0,0
BRDA:59,3,0,0
BRDA:71,4,0,0
BRDA:83,5,0,0
BRF:6
BRH:2
end_of_record
TN:
SF:src\controllers\auth_controller.ts
FN:9,(anonymous_8)
FN:38,(anonymous_9)
FN:38,(anonymous_10)
FN:83,(anonymous_11)
FN:83,(anonymous_12)
FN:117,(anonymous_13)
FN:117,(anonymous_14)
FN:127,(anonymous_15)
FN:127,(anonymous_16)
FN:146,(anonymous_17)
FN:154,(anonymous_18)
FN:154,(anonymous_19)
FN:164,(anonymous_20)
FN:164,(anonymous_21)
FN:189,(anonymous_22)
FN:204,(anonymous_23)
FN:215,(anonymous_24)
FNF:17
FNH:17
FNDA:5,(anonymous_8)
FNDA:9,(anonymous_9)
FNDA:9,(anonymous_10)
FNDA:6,(anonymous_11)
FNDA:6,(anonymous_12)
FNDA:3,(anonymous_13)
FNDA:3,(anonymous_14)
FNDA:1,(anonymous_15)
FNDA:1,(anonymous_16)
FNDA:2,(anonymous_17)
FNDA:3,(anonymous_18)
FNDA:3,(anonymous_19)
FNDA:2,(anonymous_20)
FNDA:2,(anonymous_21)
FNDA:2,(anonymous_22)
FNDA:14,(anonymous_23)
FNDA:12,(anonymous_24)
DA:1,3
DA:2,3
DA:5,3
DA:6,3
DA:7,3
DA:9,3
DA:10,5
DA:11,5
DA:12,0
DA:14,5
DA:15,0
DA:17,5
DA:18,0
DA:20,5
DA:28,5
DA:36,5
DA:38,9
DA:39,9
DA:40,9
DA:41,9
DA:42,9
DA:43,9
DA:44,1
DA:45,1
DA:47,8
DA:48,1
DA:49,1
DA:51,7
DA:52,7
DA:53,1
DA:54,1
DA:56,6
DA:57,1
DA:58,1
DA:60,5
DA:61,1
DA:62,1
DA:64,4
DA:65,1
DA:66,1
DA:68,3
DA:69,3
DA:70,3
DA:71,3
DA:76,3
DA:77,3
DA:78,3
DA:80,0
DA:83,6
DA:84,6
DA:85,6
DA:86,6
DA:87,6
DA:88,6
DA:89,1
DA:90,1
DA:92,5
DA:93,5
DA:94,1
DA:95,1
DA:97,4
DA:98,4
DA:99,0
DA:100,0
DA:102,4
DA:103,0
DA:105,4
DA:106,4
DA:107,4
DA:114,0
DA:117,3
DA:118,3
DA:119,3
DA:120,2
DA:121,2
DA:123,1
DA:124,0
DA:125,0
DA:127,1
DA:128,1
DA:129,0
DA:130,0
DA:132,1
DA:133,1
DA:134,1
DA:135,1
DA:136,0
DA:137,0
DA:139,1
DA:140,0
DA:141,0
DA:142,0
DA:143,0
DA:146,2
DA:147,1
DA:148,1
DA:150,0
DA:154,3
DA:155,3
DA:156,3
DA:157,1
DA:158,1
DA:160,2
DA:161,0
DA:162,0
DA:164,2
DA:165,2
DA:166,1
DA:167,1
DA:169,1
DA:170,1
DA:171,1
DA:172,1
DA:173,0
DA:174,0
DA:176,1
DA:177,0
DA:178,0
DA:179,0
DA:180,0
DA:182,1
DA:183,1
DA:184,0
DA:185,0
DA:186,0
DA:187,0
DA:189,2
DA:190,1
DA:191,1
DA:192,1
DA:197,0
DA:204,3
DA:205,14
DA:206,14
DA:207,14
DA:208,2
DA:209,2
DA:211,12
DA:212,0
DA:213,0
DA:215,12
DA:216,12
DA:217,0
DA:218,0
DA:221,12
DA:222,12
DA:226,3
DA:232,3
LF:148
LH:112
BRDA:11,0,0,0
BRDA:14,1,0,0
BRDA:17,2,0,0
BRDA:43,3,0,1
BRDA:47,4,0,1
BRDA:52,5,0,1
BRDA:56,6,0,1
BRDA:60,7,0,1
BRDA:64,8,0,1
BRDA:88,9,0,1
BRDA:93,10,0,1
BRDA:98,11,0,0
BRDA:102,12,0,0
BRDA:119,13,0,2
BRDA:123,14,0,0
BRDA:128,15,0,0
BRDA:135,16,0,0
BRDA:139,17,0,0
BRDA:139,18,0,1
BRDA:139,18,1,1
BRDA:156,19,0,1
BRDA:160,20,0,0
BRDA:165,21,0,1
BRDA:172,22,0,0
BRDA:176,23,0,0
BRDA:176,24,0,1
BRDA:176,24,1,1
BRDA:183,25,0,0
BRDA:206,26,0,14
BRDA:206,26,1,13
BRDA:207,27,0,2
BRDA:211,28,0,0
BRDA:216,29,0,0
BRDA:216,29,1,12
BRF:34
BRH:19
end_of_record
TN:
SF:src\controllers\comment_controller.ts
FN:7,(anonymous_8)
FN:10,(anonymous_9)
FN:22,(anonymous_11)
FNF:3
FNH:3
FNDA:3,(anonymous_8)
FNDA:2,(anonymous_9)
FNDA:1,(anonymous_11)
DA:1,3
DA:2,3
DA:8,3
DA:11,2
DA:12,2
DA:13,2
DA:14,2
DA:15,2
DA:16,0
DA:17,0
DA:20,2
DA:21,2
DA:22,1
DA:23,1
DA:25,1
DA:26,1
DA:28,2
DA:29,2
DA:30,2
DA:32,0
DA:33,0
DA:37,3
LF:22
LH:18
BRDA:15,0,0,0
BRDA:21,1,0,1
BRDA:21,1,1,1
BRF:3
BRH:2
end_of_record
TN:
SF:src\controllers\post_controller.ts
FN:6,(anonymous_8)
FN:9,(anonymous_9)
FN:21,(anonymous_11)
FNF:3
FNH:3
FNDA:3,(anonymous_8)
FNDA:2,(anonymous_9)
FNDA:1,(anonymous_11)
DA:1,3
DA:2,3
DA:7,3
DA:10,2
DA:11,2
DA:12,2
DA:13,2
DA:14,2
DA:15,0
DA:16,0
DA:19,2
DA:20,2
DA:21,1
DA:22,1
DA:24,1
DA:25,1
DA:27,2
DA:28,2
DA:29,2
DA:31,0
DA:32,0
DA:36,3
LF:22
LH:18
BRDA:14,0,0,0
BRDA:20,1,0,1
BRDA:20,1,1,1
BRF:3
BRH:2
end_of_record
TN:
SF:src\models\comment_model.ts
FNF:0
FNH:0
DA:1,3
DA:10,3
DA:32,3
DA:33,3
LF:4
LH:4
BRF:0
BRH:0
end_of_record
TN:
SF:src\models\post_model.ts
FNF:0
FNH:0
DA:1,3
DA:16,3
DA:53,3
DA:54,3
LF:4
LH:4
BRF:0
BRH:0
end_of_record
TN:
SF:src\models\user_model.ts
FNF:0
FNH:0
DA:1,3
DA:13,3
DA:50,3
DA:51,3
LF:4
LH:4
BRF:0
BRH:0
end_of_record
TN:
SF:src\routes\auth_route.ts
FNF:0
FNH:0
DA:1,3
DA:2,3
DA:3,3
DA:5,3
DA:6,3
DA:7,3
DA:8,3
DA:10,3
LF:8
LH:8
BRF:0
BRH:0
end_of_record
TN:
SF:src\routes\comment_route.ts
FNF:0
FNH:0
DA:1,3
DA:2,3
DA:3,3
DA:4,3
DA:6,3
DA:7,3
DA:8,3
DA:9,3
DA:10,3
DA:11,3
DA:13,3
LF:11
LH:11
BRF:0
BRH:0
end_of_record
TN:
SF:src\routes\post_route.ts
FNF:0
FNH:0
DA:1,3
DA:2,3
DA:3,3
DA:4,3
DA:6,3
DA:7,3
DA:8,3
DA:9,3
DA:10,3
DA:11,3
DA:12,3
DA:14,3
LF:12
LH:12
BRF:0
BRH:0
end_of_record
